Arguments: 
  C:\Program Files\nodejs\node.exe C:\Users\83687\AppData\Roaming\npm\node_modules\yarn\bin\yarn.js

PATH: 
  C:\Program Files (x86)\Common Files\NetSarang;C:\Program Files (x86)\Intel\Intel(R) Management Engine Components\iCLS\;C:\Program Files\Intel\Intel(R) Management Engine Components\iCLS\;C:\Windows\system32;C:\Windows;C:\Windows\System32\Wbem;C:\Windows\System32\WindowsPowerShell\v1.0\;C:\Windows\System32\OpenSSH\;C:\Program Files (x86)\Intel\Intel(R) Management Engine Components\DAL;C:\Program Files\Intel\Intel(R) Management Engine Components\DAL;C:\Program Files (x86)\Intel\Intel(R) Management Engine Components\IPT;C:\Program Files\Intel\Intel(R) Management Engine Components\IPT;C:\Program Files (x86)\NVIDIA Corporation\PhysX\Common;C:\Program Files\NVIDIA Corporation\NVIDIA NvDLISR;C:\Program Files\Intel\WiFi\bin\;C:\Program Files\Common Files\Intel\WirelessCommon\;C:\WINDOWS\system32;C:\WINDOWS;C:\WINDOWS\System32\Wbem;C:\WINDOWS\System32\WindowsPowerShell\v1.0\;C:\WINDOWS\System32\OpenSSH\;C:\Program Files\Git\cmd;C:\Program Files\nodejs\;C:\Users\83687\AppData\Local\Microsoft\WindowsApps;C:\Users\83687\AppData\Roaming\npm;C:\Users\83687\AppData\Local\Programs\Microsoft VS Code\bin;C:\program\mysql-5.7.31-winx64\bin;C:\program1\m3u8\ffmpeg\bin;C:\Program Files\Java\jdk-14.0.2\bin;C:\javalib\jpcap\Jpcap-master\lib;C:\Users\83687\AppData\Local\Yarn\bin;C:\MinGW\bin;;C:\Program Files\JetBrains\IntelliJ IDEA Community Edition 2020.2.3\bin;

Yarn version: 
  1.22.4

Node version: 
  12.18.2

Platform: 
  win32 x64

Trace: 
  Error: getaddrinfo EAI_AGAIN registry.yarnpkg.com
      at GetAddrInfoReqWrap.onlookup [as oncomplete] (dns.js:66:26)

npm manifest: 
  {
    "name": "zhufeng_react_typescript",
    "version": "1.0.0",
    "description": "react+ts",
    "main": "index.js",
    "scripts": {
      "start": "webpack serve",
      "build": "webpack",
      "lint": "eslint src --ext .tsx",
      "lint:fix": "eslint src --ext .tsx --fix"
    },
    "repository": {
      "type": "git",
      "url": "git+https://github.com/zhufengnodejs/zhufeng_react_typescript.git"
    },
    "keywords": [
      "typescript",
      "react"
    ],
    "husky": {
      "hooks": {
        "commit-msg": "validate-commit-msg"
      }
    },
    "author": "zhangrenyang",
    "license": "MIT",
    "bugs": {
      "url": "https://github.com/zhufengnodejs/zhufeng_react_typescript/issues"
    },
    "homepage": "https://github.com/zhufengnodejs/zhufeng_react_typescript#readme",
    "devDependencies": {
      "@typescript-eslint/eslint-plugin": "^4.8.0",
      "@typescript-eslint/parser": "^4.8.0",
      "commitizen": "^4.2.2",
      "conventional-changelog-cli": "^2.1.1",
      "eslint": "^7.13.0",
      "hoist-non-react-statics": "^3.3.2",
      "html-webpack-plugin": "^4.5.0",
      "husky": "^4.3.0",
      "source-map-loader": "^1.1.2",
      "ts-loader": "^8.0.11",
      "typescript": "^4.0.5",
      "validate-commit-msg": "^2.14.0",
      "webpack": "^5.4.0",
      "webpack-cli": "^4.2.0",
      "webpack-dev-server": "^3.11.0"
    },
    "dependencies": {
      "@types/react": "^16.9.56",
      "@types/react-dom": "^16.9.9",
      "@types/react-redux": "^7.1.11",
      "@types/react-router-dom": "^5.1.6",
      "@types/redux-logger": "^3.0.8",
      "connected-react-router": "^6.8.0",
      "react": "^17.0.1",
      "react-dom": "^17.0.1",
      "react-redux": "^7.2.2",
      "react-router-dom": "^5.2.0",
      "redux": "^4.0.5",
      "redux-logger": "^3.0.6",
      "redux-thunk": "^2.3.0"
    }
  }

yarn manifest: 
  No manifest

Lockfile: 
  No lockfile
